<?xml version="1.0" encoding="UTF-8"?>
<testng-results ignored="0" total="10" passed="10" failed="0" skipped="0">
  <reporter-output>
  </reporter-output>
  <suite started-at="2026-03-06T21:09:47 IST" name="Suite" finished-at="2026-03-06T21:11:02 IST" duration-ms="75330">
    <groups>
    </groups>
    <test started-at="2026-03-06T21:09:47 IST" name="Test" finished-at="2026-03-06T21:11:02 IST" duration-ms="75330">
      <class name="testScripts.ManageNewsPageTest">
        <test-method is-config="true" signature="brwsrInit(java.lang.String)[pri:0, instance:testScripts.ManageNewsPageTest@41f69e84]" started-at="2026-03-06T21:10:17 IST" name="brwsrInit" finished-at="2026-03-06T21:10:20 IST" duration-ms="2986" status="PASS">
          <params>
            <param index="0">
              <value>
                <![CDATA[chrome]]>
              </value>
            </param>
          </params>
          <reporter-output>
          </reporter-output>
        </test-method> <!-- brwsrInit -->
        <test-method is-config="true" signature="setUp()[pri:0, instance:testScripts.ManageNewsPageTest@41f69e84]" started-at="2026-03-06T21:10:20 IST" name="setUp" finished-at="2026-03-06T21:10:20 IST" duration-ms="4" status="PASS">
          <reporter-output>
          </reporter-output>
        </test-method> <!-- setUp -->
        <test-method signature="manageNews()[pri:0, instance:testScripts.ManageNewsPageTest@41f69e84]" started-at="2026-03-06T21:10:20 IST" name="manageNews" finished-at="2026-03-06T21:10:22 IST" duration-ms="2451" status="PASS">
          <reporter-output>
          </reporter-output>
        </test-method> <!-- manageNews -->
        <test-method is-config="true" signature="browserQuit(org.testng.ITestResult)[pri:0, instance:testScripts.ManageNewsPageTest@41f69e84]" started-at="2026-03-06T21:10:22 IST" name="browserQuit" finished-at="2026-03-06T21:10:22 IST" duration-ms="234" status="PASS">
          <params>
            <param index="0">
              <value>
                <![CDATA[[TestResult name=manageNews status=SUCCESS method=ManageNewsPageTest.manageNews()[pri:0, instance:testScripts.ManageNewsPageTest@41f69e84] output={null}]]]>
              </value>
            </param>
          </params>
          <reporter-output>
          </reporter-output>
        </test-method> <!-- browserQuit -->
      </class> <!-- testScripts.ManageNewsPageTest -->
      <class name="testScripts.ManageFooterTextTest">
        <test-method is-config="true" signature="brwsrInit(java.lang.String)[pri:0, instance:testScripts.ManageFooterTextTest@7975d1d8]" started-at="2026-03-06T21:10:22 IST" name="brwsrInit" finished-at="2026-03-06T21:10:27 IST" duration-ms="4391" status="PASS">
          <params>
            <param index="0">
              <value>
                <![CDATA[chrome]]>
              </value>
            </param>
          </params>
          <reporter-output>
          </reporter-output>
        </test-method> <!-- brwsrInit -->
        <test-method is-config="true" signature="setUp()[pri:0, instance:testScripts.ManageFooterTextTest@7975d1d8]" started-at="2026-03-06T21:10:27 IST" name="setUp" finished-at="2026-03-06T21:10:27 IST" duration-ms="4" status="PASS">
          <reporter-output>
          </reporter-output>
        </test-method> <!-- setUp -->
        <test-method signature="manageFooter()[pri:0, instance:testScripts.ManageFooterTextTest@7975d1d8]" started-at="2026-03-06T21:10:27 IST" name="manageFooter" finished-at="2026-03-06T21:10:30 IST" duration-ms="2975" status="PASS">
          <reporter-output>
          </reporter-output>
        </test-method> <!-- manageFooter -->
        <test-method is-config="true" signature="browserQuit(org.testng.ITestResult)[pri:0, instance:testScripts.ManageFooterTextTest@7975d1d8]" started-at="2026-03-06T21:10:30 IST" name="browserQuit" finished-at="2026-03-06T21:10:30 IST" duration-ms="271" status="PASS">
          <params>
            <param index="0">
              <value>
                <![CDATA[[TestResult name=manageFooter status=SUCCESS method=ManageFooterTextTest.manageFooter()[pri:0, instance:testScripts.ManageFooterTextTest@7975d1d8] output={null}]]]>
              </value>
            </param>
          </params>
          <reporter-output>
          </reporter-output>
        </test-method> <!-- browserQuit -->
      </class> <!-- testScripts.ManageFooterTextTest -->
      <class name="testScripts.AddUserTest">
        <test-method is-config="true" signature="brwsrInit(java.lang.String)[pri:0, instance:testScripts.AddUserTest@2438dcd]" started-at="2026-03-06T21:10:30 IST" name="brwsrInit" finished-at="2026-03-06T21:10:33 IST" duration-ms="3165" status="PASS">
          <params>
            <param index="0">
              <value>
                <![CDATA[chrome]]>
              </value>
            </param>
          </params>
          <reporter-output>
          </reporter-output>
        </test-method> <!-- brwsrInit -->
        <test-method is-config="true" signature="setUp()[pri:0, instance:testScripts.AddUserTest@2438dcd]" started-at="2026-03-06T21:10:33 IST" name="setUp" finished-at="2026-03-06T21:10:33 IST" duration-ms="10" status="PASS">
          <reporter-output>
          </reporter-output>
        </test-method> <!-- setUp -->
        <test-method signature="addUsers()[pri:0, instance:testScripts.AddUserTest@2438dcd]" started-at="2026-03-06T21:10:33 IST" name="addUsers" finished-at="2026-03-06T21:10:40 IST" duration-ms="7023" status="PASS">
          <reporter-output>
          </reporter-output>
        </test-method> <!-- addUsers -->
        <test-method is-config="true" signature="browserQuit(org.testng.ITestResult)[pri:0, instance:testScripts.AddUserTest@2438dcd]" started-at="2026-03-06T21:10:40 IST" name="browserQuit" finished-at="2026-03-06T21:10:41 IST" duration-ms="982" status="PASS">
          <params>
            <param index="0">
              <value>
                <![CDATA[[TestResult name=addUsers status=SUCCESS method=AddUserTest.addUsers()[pri:0, instance:testScripts.AddUserTest@2438dcd] output={null}]]]>
              </value>
            </param>
          </params>
          <reporter-output>
          </reporter-output>
        </test-method> <!-- browserQuit -->
      </class> <!-- testScripts.AddUserTest -->
      <class name="testScripts.ManageContactTest">
        <test-method is-config="true" signature="brwsrInit(java.lang.String)[pri:0, instance:testScripts.ManageContactTest@24105dc5]" started-at="2026-03-06T21:10:41 IST" name="brwsrInit" finished-at="2026-03-06T21:10:49 IST" duration-ms="7425" status="PASS">
          <params>
            <param index="0">
              <value>
                <![CDATA[chrome]]>
              </value>
            </param>
          </params>
          <reporter-output>
          </reporter-output>
        </test-method> <!-- brwsrInit -->
        <test-method is-config="true" signature="setUp()[pri:0, instance:testScripts.ManageContactTest@24105dc5]" started-at="2026-03-06T21:10:49 IST" name="setUp" finished-at="2026-03-06T21:10:49 IST" duration-ms="2" status="PASS">
          <reporter-output>
          </reporter-output>
        </test-method> <!-- setUp -->
        <test-method signature="manageCategory()[pri:0, instance:testScripts.ManageContactTest@24105dc5]" started-at="2026-03-06T21:10:49 IST" name="manageCategory" finished-at="2026-03-06T21:10:52 IST" duration-ms="2900" status="PASS">
          <reporter-output>
          </reporter-output>
        </test-method> <!-- manageCategory -->
        <test-method is-config="true" signature="browserQuit(org.testng.ITestResult)[pri:0, instance:testScripts.ManageContactTest@24105dc5]" started-at="2026-03-06T21:10:52 IST" name="browserQuit" finished-at="2026-03-06T21:10:54 IST" duration-ms="1929" status="PASS">
          <params>
            <param index="0">
              <value>
                <![CDATA[[TestResult name=manageCategory status=SUCCESS method=ManageContactTest.manageCategory()[pri:0, instance:testScripts.ManageContactTest@24105dc5] output={null}]]]>
              </value>
            </param>
          </params>
          <reporter-output>
          </reporter-output>
        </test-method> <!-- browserQuit -->
      </class> <!-- testScripts.ManageContactTest -->
      <class name="testScripts.LoginTest">
        <test-method is-config="true" signature="brwsrInit(java.lang.String)[pri:0, instance:testScripts.LoginTest@4dc27487]" started-at="2026-03-06T21:09:47 IST" name="brwsrInit" finished-at="2026-03-06T21:09:52 IST" duration-ms="5475" status="PASS">
          <params>
            <param index="0">
              <value>
                <![CDATA[chrome]]>
              </value>
            </param>
          </params>
          <reporter-output>
          </reporter-output>
        </test-method> <!-- brwsrInit -->
        <test-method is-config="true" signature="setUp()[pri:0, instance:testScripts.LoginTest@4dc27487]" started-at="2026-03-06T21:09:52 IST" name="setUp" finished-at="2026-03-06T21:09:53 IST" duration-ms="92" status="PASS">
          <reporter-output>
          </reporter-output>
        </test-method> <!-- setUp -->
        <test-method signature="invalidLogin()[pri:0, instance:testScripts.LoginTest@4dc27487]" started-at="2026-03-06T21:09:53 IST" name="invalidLogin" finished-at="2026-03-06T21:09:55 IST" duration-ms="2265" status="PASS">
          <reporter-output>
          </reporter-output>
        </test-method> <!-- invalidLogin -->
        <test-method is-config="true" signature="browserQuit(org.testng.ITestResult)[pri:0, instance:testScripts.LoginTest@4dc27487]" started-at="2026-03-06T21:09:55 IST" name="browserQuit" finished-at="2026-03-06T21:09:55 IST" duration-ms="425" status="PASS">
          <params>
            <param index="0">
              <value>
                <![CDATA[[TestResult name=invalidLogin status=SUCCESS method=LoginTest.invalidLogin()[pri:0, instance:testScripts.LoginTest@4dc27487] output={null}]]]>
              </value>
            </param>
          </params>
          <reporter-output>
          </reporter-output>
        </test-method> <!-- browserQuit -->
        <test-method is-config="true" signature="brwsrInit(java.lang.String)[pri:0, instance:testScripts.LoginTest@4dc27487]" started-at="2026-03-06T21:09:55 IST" name="brwsrInit" finished-at="2026-03-06T21:10:00 IST" duration-ms="4521" status="PASS">
          <params>
            <param index="0">
              <value>
                <![CDATA[chrome]]>
              </value>
            </param>
          </params>
          <reporter-output>
          </reporter-output>
        </test-method> <!-- brwsrInit -->
        <test-method is-config="true" signature="setUp()[pri:0, instance:testScripts.LoginTest@4dc27487]" started-at="2026-03-06T21:10:00 IST" name="setUp" finished-at="2026-03-06T21:10:00 IST" duration-ms="1" status="PASS">
          <reporter-output>
          </reporter-output>
        </test-method> <!-- setUp -->
        <test-method signature="nocredLogin()[pri:0, instance:testScripts.LoginTest@4dc27487]" started-at="2026-03-06T21:10:00 IST" name="nocredLogin" finished-at="2026-03-06T21:10:00 IST" duration-ms="649" status="PASS">
          <reporter-output>
          </reporter-output>
        </test-method> <!-- nocredLogin -->
        <test-method is-config="true" signature="browserQuit(org.testng.ITestResult)[pri:0, instance:testScripts.LoginTest@4dc27487]" started-at="2026-03-06T21:10:00 IST" name="browserQuit" finished-at="2026-03-06T21:10:01 IST" duration-ms="431" status="PASS">
          <params>
            <param index="0">
              <value>
                <![CDATA[[TestResult name=nocredLogin status=SUCCESS method=LoginTest.nocredLogin()[pri:0, instance:testScripts.LoginTest@4dc27487] output={null}]]]>
              </value>
            </param>
          </params>
          <reporter-output>
          </reporter-output>
        </test-method> <!-- browserQuit -->
        <test-method is-config="true" signature="brwsrInit(java.lang.String)[pri:0, instance:testScripts.LoginTest@4dc27487]" started-at="2026-03-06T21:10:01 IST" name="brwsrInit" finished-at="2026-03-06T21:10:04 IST" duration-ms="3580" status="PASS">
          <params>
            <param index="0">
              <value>
                <![CDATA[chrome]]>
              </value>
            </param>
          </params>
          <reporter-output>
          </reporter-output>
        </test-method> <!-- brwsrInit -->
        <test-method is-config="true" signature="setUp()[pri:0, instance:testScripts.LoginTest@4dc27487]" started-at="2026-03-06T21:10:04 IST" name="setUp" finished-at="2026-03-06T21:10:04 IST" duration-ms="2" status="PASS">
          <reporter-output>
          </reporter-output>
        </test-method> <!-- setUp -->
        <test-method signature="nopasswdLogin()[pri:0, instance:testScripts.LoginTest@4dc27487]" started-at="2026-03-06T21:10:04 IST" name="nopasswdLogin" finished-at="2026-03-06T21:10:05 IST" duration-ms="1002" status="PASS">
          <reporter-output>
          </reporter-output>
        </test-method> <!-- nopasswdLogin -->
        <test-method is-config="true" signature="browserQuit(org.testng.ITestResult)[pri:0, instance:testScripts.LoginTest@4dc27487]" started-at="2026-03-06T21:10:05 IST" name="browserQuit" finished-at="2026-03-06T21:10:06 IST" duration-ms="292" status="PASS">
          <params>
            <param index="0">
              <value>
                <![CDATA[[TestResult name=nopasswdLogin status=SUCCESS method=LoginTest.nopasswdLogin()[pri:0, instance:testScripts.LoginTest@4dc27487] output={null}]]]>
              </value>
            </param>
          </params>
          <reporter-output>
          </reporter-output>
        </test-method> <!-- browserQuit -->
        <test-method is-config="true" signature="brwsrInit(java.lang.String)[pri:0, instance:testScripts.LoginTest@4dc27487]" started-at="2026-03-06T21:10:06 IST" name="brwsrInit" finished-at="2026-03-06T21:10:13 IST" duration-ms="7011" status="PASS">
          <params>
            <param index="0">
              <value>
                <![CDATA[chrome]]>
              </value>
            </param>
          </params>
          <reporter-output>
          </reporter-output>
        </test-method> <!-- brwsrInit -->
        <test-method signature="nousernameLogin()[pri:0, instance:testScripts.LoginTest@4dc27487]" started-at="2026-03-06T21:10:13 IST" name="nousernameLogin" finished-at="2026-03-06T21:10:13 IST" duration-ms="469" status="PASS">
          <reporter-output>
          </reporter-output>
        </test-method> <!-- nousernameLogin -->
        <test-method is-config="true" signature="setUp()[pri:0, instance:testScripts.LoginTest@4dc27487]" started-at="2026-03-06T21:10:13 IST" name="setUp" finished-at="2026-03-06T21:10:13 IST" duration-ms="0" status="PASS">
          <reporter-output>
          </reporter-output>
        </test-method> <!-- setUp -->
        <test-method is-config="true" signature="browserQuit(org.testng.ITestResult)[pri:0, instance:testScripts.LoginTest@4dc27487]" started-at="2026-03-06T21:10:13 IST" name="browserQuit" finished-at="2026-03-06T21:10:14 IST" duration-ms="310" status="PASS">
          <params>
            <param index="0">
              <value>
                <![CDATA[[TestResult name=nousernameLogin status=SUCCESS method=LoginTest.nousernameLogin()[pri:0, instance:testScripts.LoginTest@4dc27487] output={null}]]]>
              </value>
            </param>
          </params>
          <reporter-output>
          </reporter-output>
        </test-method> <!-- browserQuit -->
        <test-method is-config="true" signature="brwsrInit(java.lang.String)[pri:0, instance:testScripts.LoginTest@4dc27487]" started-at="2026-03-06T21:10:14 IST" name="brwsrInit" finished-at="2026-03-06T21:10:15 IST" duration-ms="1972" status="PASS">
          <params>
            <param index="0">
              <value>
                <![CDATA[chrome]]>
              </value>
            </param>
          </params>
          <reporter-output>
          </reporter-output>
        </test-method> <!-- brwsrInit -->
        <test-method is-config="true" signature="setUp()[pri:0, instance:testScripts.LoginTest@4dc27487]" started-at="2026-03-06T21:10:15 IST" name="setUp" finished-at="2026-03-06T21:10:15 IST" duration-ms="1" status="PASS">
          <reporter-output>
          </reporter-output>
        </test-method> <!-- setUp -->
        <test-method signature="validLogin()[pri:0, instance:testScripts.LoginTest@4dc27487]" started-at="2026-03-06T21:10:15 IST" name="validLogin" finished-at="2026-03-06T21:10:17 IST" duration-ms="1040" status="PASS">
          <reporter-output>
          </reporter-output>
        </test-method> <!-- validLogin -->
        <test-method is-config="true" signature="browserQuit(org.testng.ITestResult)[pri:0, instance:testScripts.LoginTest@4dc27487]" started-at="2026-03-06T21:10:17 IST" name="browserQuit" finished-at="2026-03-06T21:10:17 IST" duration-ms="271" status="PASS">
          <params>
            <param index="0">
              <value>
                <![CDATA[[TestResult name=validLogin status=SUCCESS method=LoginTest.validLogin()[pri:0, instance:testScripts.LoginTest@4dc27487] output={null}]]]>
              </value>
            </param>
          </params>
          <reporter-output>
          </reporter-output>
        </test-method> <!-- browserQuit -->
      </class> <!-- testScripts.LoginTest -->
      <class name="testScripts.ManageCategoryTest">
        <test-method is-config="true" signature="brwsrInit(java.lang.String)[pri:0, instance:testScripts.ManageCategoryTest@5167f57d]" started-at="2026-03-06T21:10:54 IST" name="brwsrInit" finished-at="2026-03-06T21:10:57 IST" duration-ms="3037" status="PASS">
          <params>
            <param index="0">
              <value>
                <![CDATA[chrome]]>
              </value>
            </param>
          </params>
          <reporter-output>
          </reporter-output>
        </test-method> <!-- brwsrInit -->
        <test-method is-config="true" signature="setUp()[pri:0, instance:testScripts.ManageCategoryTest@5167f57d]" started-at="2026-03-06T21:10:57 IST" name="setUp" finished-at="2026-03-06T21:10:57 IST" duration-ms="5" status="PASS">
          <reporter-output>
          </reporter-output>
        </test-method> <!-- setUp -->
        <test-method signature="manageCategoryTest()[pri:0, instance:testScripts.ManageCategoryTest@5167f57d]" started-at="2026-03-06T21:10:57 IST" name="manageCategoryTest" finished-at="2026-03-06T21:11:02 IST" duration-ms="5297" status="PASS">
          <reporter-output>
          </reporter-output>
        </test-method> <!-- manageCategoryTest -->
        <test-method is-config="true" signature="browserQuit(org.testng.ITestResult)[pri:0, instance:testScripts.ManageCategoryTest@5167f57d]" started-at="2026-03-06T21:11:02 IST" name="browserQuit" finished-at="2026-03-06T21:11:02 IST" duration-ms="296" status="PASS">
          <params>
            <param index="0">
              <value>
                <![CDATA[[TestResult name=manageCategoryTest status=SUCCESS method=ManageCategoryTest.manageCategoryTest()[pri:0, instance:testScripts.ManageCategoryTest@5167f57d] output={null}]]]>
              </value>
            </param>
          </params>
          <reporter-output>
          </reporter-output>
        </test-method> <!-- browserQuit -->
      </class> <!-- testScripts.ManageCategoryTest -->
    </test> <!-- Test -->
  </suite> <!-- Suite -->
</testng-results>
