<?xml version="1.0" encoding="UTF-8"?>
<!-- Generated by org.testng.reporters.JUnitXMLReporter -->
<testsuite ignored="0" hostname="LAPTOP-56T98QC3" failures="0" tests="10" name="Test" time="57.864" errors="0" timestamp="2026-02-03T13:36:12 IST">
  <testcase classname="testScripts.loginTestCasrPageFact" name="invalidLogin" time="3.789"/>
  <testcase classname="testScripts.loginTestCasrPageFact" name="nocredLogin" time="0.419"/>
  <testcase classname="testScripts.loginTestCasrPageFact" name="nopasswdLogin" time="0.448"/>
  <testcase classname="testScripts.loginTestCasrPageFact" name="nousernameLogin" time="0.549"/>
  <testcase classname="testScripts.loginTestCasrPageFact" name="validLogin" time="1.228"/>
  <testcase classname="testScripts.manageNewsPageTest" name="manageNews" time="3.657"/>
  <testcase classname="testScripts.manageFooterText" name="manageFooter" time="2.693"/>
  <testcase classname="testScripts.ManageContactTest" name="manageCategory" time="2.66"/>
  <testcase classname="testScripts.ManageCategoryTest" name="manageCategoryTest" time="4.578"/>
  <testcase classname="testScripts.LogoutTest" name="logoutTest" time="1.494"/>
</testsuite> <!-- Test -->
