<?xml version="1.0" encoding="UTF-8"?>
<!-- Generated by org.testng.reporters.JUnitXMLReporter -->
<testsuite ignored="0" hostname="LAPTOP-56T98QC3" failures="0" tests="10" name="Test" time="75.33" errors="0" timestamp="2026-03-06T21:11:03 IST">
  <testcase classname="testScripts.LoginTest" name="invalidLogin" time="2.265"/>
  <testcase classname="testScripts.LoginTest" name="nocredLogin" time="0.649"/>
  <testcase classname="testScripts.LoginTest" name="nopasswdLogin" time="1.002"/>
  <testcase classname="testScripts.LoginTest" name="nousernameLogin" time="0.469"/>
  <testcase classname="testScripts.LoginTest" name="validLogin" time="1.04"/>
  <testcase classname="testScripts.ManageNewsPageTest" name="manageNews" time="2.451"/>
  <testcase classname="testScripts.ManageFooterTextTest" name="manageFooter" time="2.975"/>
  <testcase classname="testScripts.AddUserTest" name="addUsers" time="7.023"/>
  <testcase classname="testScripts.ManageContactTest" name="manageCategory" time="2.9"/>
  <testcase classname="testScripts.ManageCategoryTest" name="manageCategoryTest" time="5.297"/>
</testsuite> <!-- Test -->
