<?xml version="1.0" encoding="UTF-8"?>
<!-- Generated by org.testng.reporters.JUnitReportReporter -->
<testsuite hostname="LAPTOP-56T98QC3" failures="0" tests="5" name="testScripts.loginTestCasrPageFact" time="29.988" errors="0" timestamp="2026-02-04T14:14:26 IST" skipped="0">
  <testcase classname="testScripts.loginTestCasrPageFact" name="nopasswdLogin" time="4.130"/>
  <testcase classname="testScripts.loginTestCasrPageFact" name="validLogin" time="6.299"/>
  <testcase classname="testScripts.loginTestCasrPageFact" name="nocredLogin" time="9.070"/>
  <testcase classname="testScripts.loginTestCasrPageFact" name="invalidLogin" time="6.249"/>
  <testcase classname="testScripts.loginTestCasrPageFact" name="nousernameLogin" time="4.240"/>
</testsuite> <!-- testScripts.loginTestCasrPageFact -->
