<?xml version="1.0" encoding="UTF-8"?>
<!-- Generated by org.testng.reporters.JUnitReportReporter -->
<testsuite hostname="LAPTOP-56T98QC3" failures="0" tests="2" name="testScripts.ManageContactTest" time="18.820" errors="0" timestamp="2026-02-03T15:37:14 IST" skipped="0">
  <testcase classname="testScripts.ManageContactTest" name="manageCategory" time="9.071"/>
  <testcase classname="testScripts.ManageContactTest" name="manageCategory" time="9.749"/>
</testsuite> <!-- testScripts.ManageContactTest -->
