<?xml version="1.0" encoding="UTF-8"?>
<!-- Generated by org.testng.reporters.JUnitReportReporter -->
<testsuite hostname="LAPTOP-56T98QC3" failures="0" tests="5" name="testScripts.LoginTest" time="29.809" errors="0" timestamp="2026-03-06T21:11:03 IST" skipped="0">
  <testcase classname="testScripts.LoginTest" name="nopasswdLogin" time="6.748"/>
  <testcase classname="testScripts.LoginTest" name="nocredLogin" time="2.914"/>
  <testcase classname="testScripts.LoginTest" name="invalidLogin" time="7.098"/>
  <testcase classname="testScripts.LoginTest" name="nousernameLogin" time="7.906"/>
  <testcase classname="testScripts.LoginTest" name="validLogin" time="5.143"/>
</testsuite> <!-- testScripts.LoginTest -->
