<?xml version="1.0" encoding="UTF-8"?>
<!-- Generated by org.testng.reporters.JUnitReportReporter -->
<testsuite hostname="LAPTOP-56T98QC3" failures="0" tests="5" name="testScripts.loginTestCasrPageFact" time="24.309" errors="0" timestamp="2026-02-05T10:32:43 IST" skipped="0">
  <testcase classname="testScripts.loginTestCasrPageFact" name="nopasswdLogin" time="9.693"/>
  <testcase classname="testScripts.loginTestCasrPageFact" name="nocredLogin" time="4.351"/>
  <testcase classname="testScripts.loginTestCasrPageFact" name="invalidLogin" time="3.448"/>
  <testcase classname="testScripts.loginTestCasrPageFact" name="nousernameLogin" time="3.406"/>
  <testcase classname="testScripts.loginTestCasrPageFact" name="validLogin" time="3.411"/>
</testsuite> <!-- testScripts.loginTestCasrPageFact -->
