<?xml version="1.0" encoding="UTF-8"?>
<!-- Generated by org.testng.reporters.JUnitReportReporter -->
<testsuite hostname="LAPTOP-56T98QC3" failures="0" tests="2" name="testScripts.manageNewsPageTest" time="18.226" errors="0" timestamp="2026-02-03T15:37:14 IST" skipped="0">
  <testcase classname="testScripts.manageNewsPageTest" name="manageNews" time="8.210"/>
  <testcase classname="testScripts.manageNewsPageTest" name="manageNews" time="10.016"/>
</testsuite> <!-- testScripts.manageNewsPageTest -->
