<?xml version="1.0" encoding="UTF-8"?>
<!-- Generated by org.testng.reporters.JUnitReportReporter -->
<testsuite hostname="LAPTOP-56T98QC3" failures="0" tests="2" name="testScripts.manageFooterText" time="15.809" errors="0" timestamp="2026-02-03T15:37:14 IST" skipped="0">
  <testcase classname="testScripts.manageFooterText" name="manageFooter" time="7.433"/>
  <testcase classname="testScripts.manageFooterText" name="manageFooter" time="8.376"/>
</testsuite> <!-- testScripts.manageFooterText -->
